C51 COMPILER V9.00   12864                                                                 09/14/2015 21:09:41 PAGE 1   


C51 COMPILER V9.00, COMPILATION OF MODULE 12864
OBJECT MODULE PLACED IN 12864.OBJ
COMPILER INVOKED BY: D:\Keil\C51\BIN\C51.EXE 12864.c COMPACT BROWSE DEBUG OBJECTEXTEND

line level    source

   1          #include "include.h" 
   2          
   3          uchar code number[]={"0123456789"};
   4          char qian,ge,shi,bai;
   5          
   6          
   7          uchar code name[]={"  WIFI-LED系统"};
   8          uchar code dis1[]={"调光[0]  [1]监控"};
   9          uchar code dis2[]={"网络[2]  [3]说明"};
  10          uchar code dis10[]={"    呼吸[CD] off"};
  11          uchar code dis21[]={"    呼吸[CD]  on"};
  12          uchar code dis3[]={"温度：        C"};
  13          
  14          uchar code choose_led[]={"请选择光源  [F]>"};
  15          uchar code dis4[]={"前灯[4]  [5]后灯"};
  16          uchar code dis5[]={"调暗[6]  [7]调亮"};
  17          uchar code dis6[]={"灯  亮度  状态  "}; 
  18          //网络界面1
  19          uchar code dis7[]={"请选择功能  [F]>"};
  20          uchar code dis8[]={"[C] 修改网络名称"};
  21          uchar code dis9[]={"[D] 修改网络密码"};
  22          uchar code dis22[]={">4位新网络名称"};
  23          uchar code dis23[]={"八位新网络密码"};
  24          uchar code dis24[]={"  修改已经执行"};
  25          uchar code dis25[]={"  重连接以查看"};
  26          uchar code dis26[]={"  修改正在执行.."};
  27          //监控界面
  28          uchar code dis11[]={"电压：        mV"};
  29          uchar code dis12[]={"功率：        mW"};
  30          
  31          //光源锁定
  32          uchar code dis14[]={"请输入四位密码:"};
  33          uchar code dis15[]={"确认[A]  [B]清空"};
  34          uchar code dis16[]={"    输入错误"};
  35          
  36          //其他
  37          uchar code dis17[]={"   0-9用作输入"};
  38          uchar code dis18[]={"A 确认    B 清空"};
  39          uchar code dis19[]={"E 锁灯    F 返回"};
  40          uchar code dis20[]={"其余请按屏幕指示"};
  41          void delay(uint x)                //在12864、18b20和主函数中用到
  42          {
  43   1         uint i,j;
  44   1           for(j=0;j<x;j++)
  45   1                 for(i=0;i<10;i++);
  46   1      }
  47          
  48          /*写指令数据到LCD*/
  49          /*RS=L，RW=L，E=高脉冲，D0-D7=指令码。*/
  50          void write_cmd(uchar cmd)
  51          {
  52   1          clr(RS);
  53   1          clr(RW);
  54   1          clr(E);
  55   1          P6=cmd;
C51 COMPILER V9.00   12864                                                                 09/14/2015 21:09:41 PAGE 2   

  56   1          delay(40);
  57   1          set(E);
  58   1          delay(40);
  59   1          clr(E);
  60   1      }
  61          /*写显示数据到LCD*/
  62          /*RS=H,RW=L,E=高脉冲，D0-D7=数据。*/
  63          void write_dat(uchar dat)
  64          {
  65   1              set(RS);
  66   1              clr(RW);
  67   1              clr(E);
  68   1              P6=dat;
  69   1              delay(40);
  70   1              set(E);
  71   1              delay(40);
  72   1              clr(E);
  73   1      }
  74          /*设定显示位置*/
  75          void lcd_pos(uchar X,uchar Y)
  76          {
  77   1              uchar pos;
  78   1              if(X==0)
  79   1          {X=0x80;}
  80   1              else if(X==1)
  81   1          {X=0x90;}
  82   1              else if(X==2)
  83   1          {X=0x88;}
  84   1              else if(X==3)
  85   1          {X=0x98;}
  86   1              pos=X+Y;
  87   1              write_cmd(pos);    //显示地址
  88   1      }
  89          /*LCD初始化设定*/
  90          void Init_lcd()
  91          {
  92   1         set(PSB);        //并口方式
  93   1         write_cmd(0x30);  //基本指令操作
  94   1         delay(40);
  95   1         write_cmd(0x0c);  //显示开，关光标
  96   1         delay(40);
  97   1         write_cmd(0x01);  //清楚LCD的显示内容
  98   1         delay(40);
  99   1      }
 100          /*显示字符串*/
 101          void dis_string(char *str)
 102          {
 103   1              int i=0;
 104   1              while(str[i]!='\0')
 105   1          {    
 106   2              write_dat(str[i]);
 107   2              i++;
 108   2          }
 109   1      } 
 110          /*显示温度*/
 111          void dis_temp(uint t) 
 112          {
 113   1          uchar i,j,k;        
 114   1          i=t/100;
 115   1          lcd_pos(3,3); 
 116   1          write_dat(number[i]);
 117   1      
C51 COMPILER V9.00   12864                                                                 09/14/2015 21:09:41 PAGE 3   

 118   1          j=t%100/10;  
 119   1          lcd_pos(3,4); 
 120   1          write_dat(number[j]);       
 121   1      
 122   1          lcd_pos(3,5);
 123   1          write_dat('.');
 124   1      
 125   1          k=t%10;  
 126   1          lcd_pos(3,6); 
 127   1          write_dat(number[k]); 
 128   1      }
 129          //显示当前灯以及灯的亮度
 130          void dis_led(void)
 131          {
 132   1              lcd_pos(3,1);
 133   1              write_dat(number[led_select]+1);
 134   1              lcd_pos(3,4);
 135   1              write_dat((led[led_select]%16)+48);
 136   1              lcd_pos(3,7);
 137   1              write_dat(led_lock[led_select]);
 138   1      }
 139          
 140          void screen_draw()
 141          {
 142   1              write_cmd(0x01);
 143   1              if(screen_present==0)
 144   1              {
 145   2                      write_cmd(0x01);
 146   2                      lcd_pos(0,0);           //设置显示位置为第一行的第一个字符
 147   2                      dis_string(name);
 148   2                      lcd_pos(1,0);           //设置显示位置为第二行的第一个字符
 149   2                  dis_string(dis1);
 150   2                      lcd_pos(2,0);           //设置显示位置为第二行的第一个字符
 151   2                      dis_string(dis2);
 152   2                      lcd_pos(3,0);
 153   2                      dis_string(dis10);
 154   2              }
 155   1              if(screen_present==1)
 156   1              {
 157   2                      if(screen_level==1)
 158   2                      {
 159   3                              lcd_pos(0,0);    
 160   3                              dis_string(choose_led);
 161   3                              lcd_pos(1,0);     
 162   3                      dis_string(dis4);
 163   3                              lcd_pos(2,0);           
 164   3                              dis_string(dis5);
 165   3                      lcd_pos(3,0);           
 166   3                      dis_string(dis6);
 167   3                      }
 168   2                      
 169   2              }
 170   1              if(screen_present==2)
 171   1              {
 172   2                      lcd_pos(0,0);
 173   2                      dis_string(dis6);
 174   2                      lcd_pos(1,0);
 175   2                      dis_string(dis11);
 176   2                      lcd_pos(2,0);
 177   2                      dis_string(dis12);
 178   2                      lcd_pos(3,0);
 179   2                      dis_string(dis3);
C51 COMPILER V9.00   12864                                                                 09/14/2015 21:09:41 PAGE 4   

 180   2              }
 181   1              if(screen_present==3)
 182   1              {
 183   2                      if(screen_level==2)
 184   2                      {
 185   3                              lcd_pos(0,0);
 186   3                              dis_string(dis22);
 187   3                              lcd_pos(3,0);
 188   3                              dis_string(dis15);
 189   3                      }
 190   2                      else if(screen_level==3)
 191   2                      {
 192   3                              lcd_pos(0,0);
 193   3                              dis_string(dis23);
 194   3                              lcd_pos(3,0);
 195   3                              dis_string(dis15);
 196   3                      }
 197   2                      else
 198   2                      {
 199   3                              lcd_pos(0,0);
 200   3                              dis_string(dis7);
 201   3                              lcd_pos(1,0);
 202   3                              dis_string(dis8);
 203   3                              lcd_pos(2,0);
 204   3                              dis_string(dis9);
 205   3                      }
 206   2              }
 207   1              if(screen_present==4)
 208   1              {
 209   2                      lcd_pos(0,0);
 210   2                      dis_string(dis17);
 211   2                      lcd_pos(1,0);
 212   2                      dis_string(dis18);
 213   2                      lcd_pos(2,0);
 214   2                      dis_string(dis19);
 215   2                      lcd_pos(3,0);
 216   2                      dis_string(dis20);
 217   2              }       
 218   1      }


MODULE INFORMATION:   STATIC OVERLAYABLE
   CODE SIZE        =    749    ----
   CONSTANT SIZE    =    452    ----
   XDATA SIZE       =   ----    ----
   PDATA SIZE       =      4       7
   DATA SIZE        =   ----    ----
   IDATA SIZE       =   ----    ----
   BIT SIZE         =   ----    ----
END OF MODULE INFORMATION.


C51 COMPILATION COMPLETE.  0 WARNING(S),  0 ERROR(S)
