C51 COMPILER V9.00   18B20                                                                 09/14/2015 21:09:42 PAGE 1   


C51 COMPILER V9.00, COMPILATION OF MODULE 18B20
OBJECT MODULE PLACED IN 18b20.OBJ
COMPILER INVOKED BY: D:\Keil\C51\BIN\C51.EXE 18b20.c COMPACT BROWSE DEBUG OBJECTEXTEND

line level    source

   1          #include "include.h"
   2          
   3          sbit  DQ = P3^0;
   4          uint data temperature;
   5          float data f_temp;
   6          
   7          void Delay77(void)   //延时77微秒
   8          {
   9   1          unsigned char a,b;
  10   1          for(b=16;b>0;b--)
  11   1              for(a=25;a>0;a--);
  12   1      }
  13          void Delay700(void)   //延时700微秒
  14          {
  15   1          unsigned char a,b;
  16   1          for(b=146;b>0;b--)
  17   1              for(a=25;a>0;a--);
  18   1      }
  19          
  20          void Delay50(void)   //延时50微秒
  21          {
  22   1          unsigned char a,b;
  23   1          for(b=61;b>0;b--)
  24   1              for(a=3;a>0;a--);
  25   1      }
  26          
  27          unsigned char ReadOneChar(void)
  28          {
  29   1              unsigned char i=0;
  30   1              unsigned char dat = 0;
  31   1                      for (i=8;i>0;i--)
  32   1              {
  33   2                      DQ = 0; // 给脉冲信号
  34   2                      _nop_();
  35   2                      DQ = 1; // 给脉冲信号
  36   2                      _nop_();
  37   2                      dat>>=1;
  38   2                      if(DQ)
  39   2                      dat|=0x80;
  40   2                      Delay77();
  41   2                }
  42   1              return dat;
  43   1      }
  44          //写一个字节      
  45          void WriteOneChar(unsigned char dat)
  46          {
  47   1              unsigned char i=0;
  48   1                      for (i=8; i>0; i--)
  49   1              {       
  50   2                      DQ = 0;
  51   2                      dat>>=1;
  52   2                      DQ = CY;
  53   2                      Delay77();
  54   2                      DQ = 1;
  55   2              
C51 COMPILER V9.00   18B20                                                                 09/14/2015 21:09:42 PAGE 2   

  56   2                      }
  57   1      }
  58          
  59           unsigned char Init_DS18B20(void)
  60          {       unsigned char status;
  61   1              DQ = 1;         //DQ复位
  62   1              Delay77();      //延时77微秒
  63   1              DQ = 0;         //单片机将DQ拉低
  64   1          Delay700();     //精确延时700us大于480us
  65   1              DQ = 1;         //拉高总线
  66   1              Delay50();      //稍做延时后 如果x=0则初始化成功 x=1则初始化失败
  67   1              status = DQ;
  68   1              Delay700();
  69   1              return status;
  70   1      }
  71          
  72          unsigned int ds18b20_gettemp(void)
  73          {
  74   1              unsigned char a=0;
  75   1              unsigned char b=0;
  76   1              unsigned int t=0;
  77   1              float tt=0;
  78   1              if(Init_DS18B20()==1);
  79   1              //Disp_String(0,3,"初始化错误");
  80   1              else{
  81   2              WriteOneChar(0xCC); // 跳过读序号列号的操作
  82   2              WriteOneChar(0x44); // 启动温度转换
  83   2              Init_DS18B20();
  84   2              WriteOneChar(0xCC); //跳过读序号列号的操作
  85   2              WriteOneChar(0xBE); //读取温度寄存器
  86   2              a=ReadOneChar();  //读低8位
  87   2              b=ReadOneChar(); //读高8位
  88   2              t=b;
  89   2              t<<=8;
  90   2              t=t|a;
  91   2              tt=t*0.0625;
  92   2              t= tt*10+0.5; //放大10倍输出并四舍五入
  93   2              }
  94   1              temperature=t;
  95   1              return t;
  96   1      }


MODULE INFORMATION:   STATIC OVERLAYABLE
   CODE SIZE        =    237    ----
   CONSTANT SIZE    =   ----    ----
   XDATA SIZE       =   ----    ----
   PDATA SIZE       =   ----       5
   DATA SIZE        =      6    ----
   IDATA SIZE       =   ----    ----
   BIT SIZE         =   ----    ----
END OF MODULE INFORMATION.


C51 COMPILATION COMPLETE.  0 WARNING(S),  0 ERROR(S)
