C51 COMPILER V9.00   ADC                                                                   09/14/2015 21:09:42 PAGE 1   


C51 COMPILER V9.00, COMPILATION OF MODULE ADC
OBJECT MODULE PLACED IN adc.OBJ
COMPILER INVOKED BY: D:\Keil\C51\BIN\C51.EXE adc.c COMPACT BROWSE DEBUG OBJECTEXTEND

line level    source

   1          #include "include.h"
   2          #define INT_DEC 100
   3          uint volt[5];
   4          uchar current[5];
   5          long power[5];
   6          uchar volt1,volt2,volt3,volt4;
   7          uchar power1,power2,power3;
   8          uchar circle=0;
   9          uchar data int_dec=INT_DEC;
  10          
  11          /*void adc0change(uchar i)
  12          {
  13                  AD0EN=0;
  14                  delay(20);
  15                  AMX0SL=i+1;
  16                  AD0EN=1;
  17          } */
  18          void adc0int(void) interrupt 15
  19          {
  20   1              float data result;
  21   1              uchar data i;
  22   1              AD0INT=0;
  23   1              int_dec--;
  24   1              if(int_dec==0)
  25   1              {
  26   2                      int_dec=INT_DEC;
  27   2                      AD0EN=0;
  28   2                      delay(20);
  29   2                      AMX0SL=circle+1;
  30   2      
  31   2                      result=(ADC0H<<8)|ADC0L;
  32   2                      result=result/4095*2430;
  33   2                      
  34   2                      volt[circle]=2*result;//4位              除以100发出
  35   2                      current[circle]=(3360-volt[circle])/17; //假设电阻恒定170欧姆    直接发
  36   2                      power[circle]=volt[circle]*current[circle]/100;           //直接发
  37   2                      
  38   2                      volt1=volt[led_select]/1000;
  39   2                      volt2=(volt[led_select]/100)%10;
  40   2                      volt3=(volt[led_select]/10)%10;
  41   2                      volt4=volt[led_select]%10;
  42   2                      power1=(power[led_select]/100)%10;
  43   2                      power2=(power[led_select]/10)%10;
  44   2                      power3=power[led_select]%10;
  45   2      
  46   2                      circle=(circle+1)%5;
  47   2      
  48   2                      if((screen_present==2)&&(screen_level==1))
  49   2                      {
  50   3                              for(i=0;i<10;i++)dis_temp(ds18b20_gettemp());
  51   3                              delay(80);
  52   3                              lcd_pos(1,3);write_dat(number[volt1]);
  53   3                              lcd_pos(1,4);write_dat(number[volt2]);
  54   3                              lcd_pos(1,5);write_dat(number[volt3]);
  55   3                              lcd_pos(1,6);write_dat(number[volt4]);
C51 COMPILER V9.00   ADC                                                                   09/14/2015 21:09:42 PAGE 2   

  56   3                              lcd_pos(2,3);write_dat(number[power1]);
  57   3                              lcd_pos(2,4);write_dat(number[power2]);
  58   3                              lcd_pos(2,5);write_dat('.');
  59   3                              lcd_pos(2,6);write_dat(number[power3]);
  60   3                      }
  61   2                      AD0EN=1;
  62   2                      temperature=ds18b20_gettemp();
  63   2              }               
  64   1      }


MODULE INFORMATION:   STATIC OVERLAYABLE
   CODE SIZE        =    676    ----
   CONSTANT SIZE    =   ----    ----
   XDATA SIZE       =   ----    ----
   PDATA SIZE       =     43    ----
   DATA SIZE        =      1       5
   IDATA SIZE       =   ----    ----
   BIT SIZE         =   ----    ----
END OF MODULE INFORMATION.


C51 COMPILATION COMPLETE.  0 WARNING(S),  0 ERROR(S)
